<?xml version="1.0" encoding="UTF-8"?>
<!-- Generated by org.testng.reporters.JUnitXMLReporter -->
<testsuite ignored="2" hostname="DESKTOP-5KN6EBV" failures="0" tests="4" name="Test" time="15.341" errors="0" timestamp="2020-04-04T00:53:58 IST">
  <testcase classname="GeoPack.HomePageTest" name="HomeLinkValidation" time="0.063"/>
  <testcase classname="GeoPack.HomePageTest" name="SupportLinkValidation" time="0.042"/>
  <testcase classname="GeoPack.HomePageTest" name="logoValidation" time="0.034"/>
  <testcase classname="GeoPack.ProductTest" name="checkoutProcess" time="15.148"/>
  <testcase classname="GeoPack.BaseTest" name="@AfterSuite tearDown" time="0.0">
    <ignored/>
  </testcase> <!-- @AfterSuite tearDown -->
  <testcase classname="GeoPack.BaseTest" name="@BeforeSuite initializeDriver" time="0.0">
    <ignored/>
  </testcase> <!-- @BeforeSuite initializeDriver -->
</testsuite> <!-- Test -->
