<?xml version="1.0" encoding="UTF-8"?>
<!-- Generated by org.testng.reporters.JUnitXMLReporter -->
<testsuite ignored="2" hostname="DESKTOP-5KN6EBV" failures="1" tests="5" name="Test" time="6.767" errors="0" timestamp="2020-04-02T20:16:12 IST">
  <testcase classname="GeoPack.HomePageTest" name="HomeLinkValidation" time="0.075"/>
  <testcase classname="GeoPack.HomePageTest" name="SupportLinkValidation" time="0.04"/>
  <testcase classname="GeoPack.HomePageTest" name="logoValidation" time="0.121"/>
  <testcase classname="GeoPack.ProductTest" name="GetPlans" time="6.007"/>
  <testcase classname="GeoPack.ProductTest" name="selectPlan" time="0.072">
    <failure type="java.lang.AssertionError" message="expected [5000] but found [5,000]">
      <![CDATA[java.lang.AssertionError: expected [5000] but found [5,000]
at GeoPack.CartPage.getPlanDetails(CartPage.java:18)
at GeoPack.ProductTest.selectPlan(ProductTest.java:18)
at java.base/java.util.ArrayList.forEach(ArrayList.java:1540)
... Removed 32 stack frames]]>
    </failure>
  </testcase> <!-- selectPlan -->
  <testcase classname="GeoPack.BaseTest" name="@AfterSuite tearDown" time="0.0">
    <ignored/>
  </testcase> <!-- @AfterSuite tearDown -->
  <testcase classname="GeoPack.BaseTest" name="@BeforeSuite initializeDriver" time="0.0">
    <ignored/>
  </testcase> <!-- @BeforeSuite initializeDriver -->
</testsuite> <!-- Test -->
