<?xml version="1.0" encoding="UTF-8"?>
<!-- Generated by org.testng.reporters.JUnitXMLReporter -->
<testsuite ignored="0" hostname="DESKTOP-5KN6EBV" failures="1" tests="2" name="TestChrome" time="37.1" errors="0" timestamp="2020-05-11T23:49:23 IST">
  <testcase classname="GeoPack.FreelancerMonthly5000Test" name="FreelancerAnnually30000NoExtSupport" time="9.212"/>
  <testcase classname="GeoPack.ProductTest" name="checkoutProcess" time="2.836">
    <failure type="org.openqa.selenium.ElementNotInteractableException" message="Element &amp;lt;a id=&amp;quot;menuOurPlan&amp;quot; href=&amp;quot;/Plans&amp;quot;&amp;gt; could not be scrolled into view
Build info: version: &amp;apos;3.141.59&amp;apos;, revision: &amp;apos;e82be7d358&amp;apos;, time: &amp;apos;2018-11-14T08:17:03&amp;apos;
System info: host: &amp;apos;DESKTOP-5KN6EBV&amp;apos;, ip: &amp;apos;192.168.0.105&amp;apos;, os.name: &amp;apos;Windows 10&amp;apos;, os.arch: &amp;apos;amd64&amp;apos;, os.version: &amp;apos;10.0&amp;apos;, java.version: &amp;apos;11.0.4&amp;apos;
Driver info: org.openqa.selenium.firefox.FirefoxDriver
Capabilities {acceptInsecureCerts: true, browserName: firefox, browserVersion: 70.0.1, javascriptEnabled: true, moz:accessibilityChecks: false, moz:buildID: 20191030021342, moz:geckodriverVersion: 0.26.0, moz:headless: false, moz:processID: 14492, moz:profile: C:\Users\cc\AppData\Local\T..., moz:shutdownTimeout: 60000, moz:useNonSpecCompliantPointerOrigin: false, moz:webdriverClick: true, pageLoadStrategy: normal, platform: WINDOWS, platformName: WINDOWS, platformVersion: 10.0, rotatable: false, setWindowRect: true, strictFileInteractability: false, timeouts: {implicit: 0, pageLoad: 300000, script: 30000}, unhandledPromptBehavior: dismiss and notify}
Session ID: dd7f9e37-9c58-4985-96a5-6f98852117e0">
      <![CDATA[org.openqa.selenium.ElementNotInteractableException: Element <a id="menuOurPlan" href="/Plans"> could not be scrolled into view
Build info: version: '3.141.59', revision: 'e82be7d358', time: '2018-11-14T08:17:03'
System info: host: 'DESKTOP-5KN6EBV', ip: '192.168.0.105', os.name: 'Windows 10', os.arch: 'amd64', os.version: '10.0', java.version: '11.0.4'
Driver info: org.openqa.selenium.firefox.FirefoxDriver
Capabilities {acceptInsecureCerts: true, browserName: firefox, browserVersion: 70.0.1, javascriptEnabled: true, moz:accessibilityChecks: false, moz:buildID: 20191030021342, moz:geckodriverVersion: 0.26.0, moz:headless: false, moz:processID: 14492, moz:profile: C:\Users\cc\AppData\Local\T..., moz:shutdownTimeout: 60000, moz:useNonSpecCompliantPointerOrigin: false, moz:webdriverClick: true, pageLoadStrategy: normal, platform: WINDOWS, platformName: WINDOWS, platformVersion: 10.0, rotatable: false, setWindowRect: true, strictFileInteractability: false, timeouts: {implicit: 0, pageLoad: 300000, script: 30000}, unhandledPromptBehavior: dismiss and notify}
Session ID: dd7f9e37-9c58-4985-96a5-6f98852117e0
at org.openqa.selenium.remote.http.W3CHttpResponseCodec.createException(W3CHttpResponseCodec.java:187)
at org.openqa.selenium.remote.http.W3CHttpResponseCodec.decode(W3CHttpResponseCodec.java:122)
at org.openqa.selenium.remote.http.W3CHttpResponseCodec.decode(W3CHttpResponseCodec.java:49)
at org.openqa.selenium.remote.HttpCommandExecutor.execute(HttpCommandExecutor.java:158)
at org.openqa.selenium.remote.service.DriverCommandExecutor.execute(DriverCommandExecutor.java:83)
at org.openqa.selenium.remote.RemoteWebDriver.execute(RemoteWebDriver.java:552)
at org.openqa.selenium.remote.RemoteWebElement.execute(RemoteWebElement.java:285)
at org.openqa.selenium.remote.RemoteWebElement.click(RemoteWebElement.java:84)
at GeoPackPages.HomePage.clickOurPlansButton(HomePage.java:68)
at GeoPack.ProductTest.checkoutProcess(ProductTest.java:32)
at java.base/java.util.ArrayList.forEach(ArrayList.java:1540)
at java.base/java.util.concurrent.FutureTask.run(FutureTask.java:264)
at java.base/java.util.concurrent.ThreadPoolExecutor.runWorker(ThreadPoolExecutor.java:1128)
at java.base/java.util.concurrent.ThreadPoolExecutor$Worker.run(ThreadPoolExecutor.java:628)
at java.base/java.lang.Thread.run(Thread.java:834)
... Removed 22 stack frames]]>
    </failure>
  </testcase> <!-- checkoutProcess -->
</testsuite> <!-- TestChrome -->
