<?xml version="1.0" encoding="UTF-8"?>
<testng-results ignored="2" total="6" passed="4" failed="0" skipped="0">
  <reporter-output>
  </reporter-output>
  <suite started-at="2020-04-04T00:53:43 IST" name="Suite" finished-at="2020-04-04T00:53:58 IST" duration-ms="15341">
    <groups>
    </groups>
    <test started-at="2020-04-04T00:53:43 IST" name="Test" finished-at="2020-04-04T00:53:58 IST" duration-ms="15341">
      <class name="GeoPack.ProductTest">
        <test-method signature="checkoutProcess()[pri:0, instance:GeoPack.ProductTest@68e965f5]" started-at="2020-04-04T00:53:43 IST" name="checkoutProcess" finished-at="2020-04-04T00:53:58 IST" duration-ms="15148" status="PASS">
          <reporter-output>
          </reporter-output>
        </test-method> <!-- checkoutProcess -->
      </class> <!-- GeoPack.ProductTest -->
      <class name="GeoPack.HomePageTest">
        <test-method is-config="true" signature="initializeDriver()[pri:0, instance:GeoPack.HomePageTest@76f2bbc1]" started-at="2020-04-04T00:53:23 IST" name="initializeDriver" finished-at="2020-04-04T00:53:43 IST" duration-ms="19306" status="PASS">
          <reporter-output>
          </reporter-output>
        </test-method> <!-- initializeDriver -->
        <test-method signature="HomeLinkValidation()[pri:0, instance:GeoPack.HomePageTest@76f2bbc1]" started-at="2020-04-04T00:53:43 IST" name="HomeLinkValidation" finished-at="2020-04-04T00:53:43 IST" duration-ms="63" status="PASS">
          <reporter-output>
          </reporter-output>
        </test-method> <!-- HomeLinkValidation -->
        <test-method signature="SupportLinkValidation()[pri:0, instance:GeoPack.HomePageTest@76f2bbc1]" started-at="2020-04-04T00:53:43 IST" name="SupportLinkValidation" finished-at="2020-04-04T00:53:43 IST" duration-ms="42" status="PASS">
          <reporter-output>
          </reporter-output>
        </test-method> <!-- SupportLinkValidation -->
        <test-method signature="logoValidation()[pri:0, instance:GeoPack.HomePageTest@76f2bbc1]" started-at="2020-04-04T00:53:43 IST" name="logoValidation" finished-at="2020-04-04T00:53:43 IST" duration-ms="34" status="PASS">
          <reporter-output>
          </reporter-output>
        </test-method> <!-- logoValidation -->
        <test-method is-config="true" signature="tearDown()[pri:0, instance:GeoPack.HomePageTest@76f2bbc1]" started-at="2020-04-04T00:53:58 IST" name="tearDown" finished-at="2020-04-04T00:53:59 IST" duration-ms="707" status="PASS">
          <reporter-output>
          </reporter-output>
        </test-method> <!-- tearDown -->
      </class> <!-- GeoPack.HomePageTest -->
    </test> <!-- Test -->
  </suite> <!-- Suite -->
</testng-results>
